<?xml version="1.0" encoding="UTF-8"?>

<mule xmlns:ee="http://www.mulesoft.org/schema/mule/ee/core" xmlns:http="http://www.mulesoft.org/schema/mule/http"
	xmlns="http://www.mulesoft.org/schema/mule/core"
	xmlns:doc="http://www.mulesoft.org/schema/mule/documentation" xmlns:xsi="http://www.w3.org/2001/XMLSchema-instance" xsi:schemaLocation="http://www.mulesoft.org/schema/mule/core http://www.mulesoft.org/schema/mule/core/current/mule.xsd
http://www.mulesoft.org/schema/mule/http http://www.mulesoft.org/schema/mule/http/current/mule-http.xsd
http://www.mulesoft.org/schema/mule/ee/core http://www.mulesoft.org/schema/mule/ee/core/current/mule-ee.xsd">
	<http:listener-config name="HTTP_Listener_config" doc:name="HTTP Listener config" doc:id="35ca3176-0483-468a-b887-15e435a96c88" >
		<http:listener-connection host="0.0.0.0" port="8081" />
	</http:listener-config>
	<flow name="maven-demoFlow" doc:id="47c5eaa2-1f52-43c0-91e3-f28d4fe14ac1" >
		<http:listener doc:name="Listener" doc:id="03a33729-e6af-4848-a65a-0111cf3ee09a" config-ref="HTTP_Listener_config" path="/demo-ci-cd"/>
		<ee:transform doc:name="Transform Message" doc:id="071829c7-ab1d-4021-9ad7-7eaf29d6446b" >
			<ee:message >
				<ee:set-payload ><![CDATA[%dw 2.0
output application/json
---
"Cloudhub 2.0 deployment using maven"]]></ee:set-payload>
			</ee:message>
		</ee:transform>
	</flow>
</mule>
